<?xml version="1.0" encoding="UTF-8"?>
<robot generator="Robot 3.1.1 (Python 3.7.5 on win32)" generated="20200906 14:54:45.870" rpa="false">
<suite id="s1" name="Main Menu" source="C:\Users\tnica\Desktop\Thesis\mobile-testing\main_menu.robot">
<kw name="Start Application And Verify Welcome Page Is Displayed" library="common" type="setup">
<kw name="Get Desired Capabilities" library="HelperLibrary">
<assign>
<var>&amp;{desired_capabilities}</var>
</assign>
<msg timestamp="20200906 14:54:46.315" level="INFO">&amp;{desired_capabilities} = { deviceName=Galaxy A20 | platformName=android | platformVersion=9 | automationName=UIAutomator2 | appPackage=com.timedemo.mmproject | appActivity=host.exp.exponent.MainActivity }</msg>
<status status="PASS" starttime="20200906 14:54:46.313" endtime="20200906 14:54:46.315"></status>
</kw>
<kw name="Open Application" library="AppiumLibrary">
<doc>Opens a new application to given Appium server.
Capabilities of appium server, Android and iOS,
Please check https://github.com/appium/appium/blob/master/docs/en/writing-running-appium/server-args.md
| *Option*            | *Man.* | *Description*     |
| remote_url          | Yes    | Appium server url |
| alias               | no     | alias             |</doc>
<arguments>
<arg>${APPIUM_SERVER}</arg>
<arg>&amp;{desired_capabilities}</arg>
</arguments>
<status status="PASS" starttime="20200906 14:54:46.315" endtime="20200906 14:54:57.953"></status>
</kw>
<kw name="Wait Until Page Contains" library="AppiumLibrary">
<doc>Waits until `text` appears on current page.</doc>
<arguments>
<arg>${WELCOME_PAGE_TEXT}</arg>
</arguments>
<status status="PASS" starttime="20200906 14:54:57.953" endtime="20200906 14:55:01.925"></status>
</kw>
<status status="PASS" starttime="20200906 14:54:46.312" endtime="20200906 14:55:01.926"></status>
</kw>
<test id="s1-t1" name="It Is Possible To Choose To Play A Game Versus Another Player">
<kw name="Login Using Correct Credentials" library="common" type="setup">
<kw name="Login Using Credentials" library="common">
<arguments>
<arg>${TEST_USER}</arg>
<arg>${TEST_PASSWORD}</arg>
</arguments>
<kw name="Input Text" library="AppiumLibrary">
<doc>Types the given `text` into text field identified by `locator`.</doc>
<arguments>
<arg>${USERNAME_INPUT}</arg>
<arg>${username}</arg>
</arguments>
<msg timestamp="20200906 14:55:01.932" level="INFO">Typing text 'testuser@test.com' into text field '//android.widget.EditText[@password = 'false']'</msg>
<status status="PASS" starttime="20200906 14:55:01.929" endtime="20200906 14:55:02.512"></status>
</kw>
<kw name="Input Text" library="AppiumLibrary">
<doc>Types the given `text` into text field identified by `locator`.</doc>
<arguments>
<arg>${PASSWORD_INPUT}</arg>
<arg>${password}</arg>
</arguments>
<msg timestamp="20200906 14:55:02.522" level="INFO">Typing text 'abcd_1234' into text field '//android.widget.EditText[@password = 'true']'</msg>
<status status="PASS" starttime="20200906 14:55:02.513" endtime="20200906 14:55:04.094"></status>
</kw>
<kw name="Click Element" library="AppiumLibrary">
<doc>Click element identified by `locator`.</doc>
<arguments>
<arg>${LOG_IN_BUTTON}</arg>
</arguments>
<msg timestamp="20200906 14:55:04.101" level="INFO">Clicking element '//android.widget.TextView[contains(@text, 'Log In')]'.</msg>
<status status="PASS" starttime="20200906 14:55:04.095" endtime="20200906 14:55:05.087"></status>
</kw>
<status status="PASS" starttime="20200906 14:55:01.929" endtime="20200906 14:55:05.087"></status>
</kw>
<kw name="Wait Until Page Contains" library="AppiumLibrary">
<doc>Waits until `text` appears on current page.</doc>
<arguments>
<arg>${MAIN_MENU_TEXT}</arg>
</arguments>
<status status="PASS" starttime="20200906 14:55:05.087" endtime="20200906 14:55:07.078"></status>
</kw>
<kw name="Wait Until Page Contains Element" library="AppiumLibrary">
<doc>Waits until element specified with `locator` appears on current page.</doc>
<arguments>
<arg>${LOG_OUT_BUTTON}</arg>
</arguments>
<status status="PASS" starttime="20200906 14:55:07.079" endtime="20200906 14:55:07.979"></status>
</kw>
<status status="PASS" starttime="20200906 14:55:01.928" endtime="20200906 14:55:07.980"></status>
</kw>
<kw name="Verify That Is Possible To Choose To Play A Game Versus Another Player" library="main_menu_resource">
<kw name="Toggle WiFi" library="HelperLibrary">
<msg timestamp="20200906 14:55:08.386" level="INFO">Toggling WiFi Connection.</msg>
<status status="PASS" starttime="20200906 14:55:07.983" endtime="20200906 14:55:08.386"></status>
</kw>
<kw name="Click Element" library="AppiumLibrary">
<doc>Click element identified by `locator`.</doc>
<arguments>
<arg>${PLAY_VS_ANOTHER_PLAYER}</arg>
</arguments>
<msg timestamp="20200906 14:55:08.390" level="INFO">Clicking element '//android.widget.TextView[contains(@text, 'Play against a Human player')]'.</msg>
<status status="PASS" starttime="20200906 14:55:08.386" endtime="20200906 14:55:09.178"></status>
</kw>
<kw name="Page Should Contain Element" library="AppiumLibrary">
<doc>Verifies that current page contains `locator` element.</doc>
<arguments>
<arg>${SEARCHING_SPINNER}</arg>
</arguments>
<msg timestamp="20200906 14:55:09.556" level="INFO">Current page contains element '//android.widget.ProgressBar'.</msg>
<status status="PASS" starttime="20200906 14:55:09.178" endtime="20200906 14:55:09.556"></status>
</kw>
<kw name="Page Should Contain Text" library="AppiumLibrary">
<doc>Verifies that current page contains `text`.</doc>
<arguments>
<arg>${SEARCHING_TEXT}</arg>
</arguments>
<msg timestamp="20200906 14:55:10.334" level="INFO">Current page contains text 'Searching for a match...'.</msg>
<status status="PASS" starttime="20200906 14:55:09.557" endtime="20200906 14:55:10.335"></status>
</kw>
<kw name="Capture Timestamped Screenshot With Test Name" library="HelperLibrary">
<msg timestamp="20200906 14:55:10.871" level="INFO">Writing C:\Users\tnica\Desktop\Thesis\mobile-testing\output\06-Sep-2020_14-55-10_It_Is_Possible_To_Choose_To_Play_A_Game_Versus_Another_Player.png as Objective Evicence.</msg>
<status status="PASS" starttime="20200906 14:55:10.335" endtime="20200906 14:55:10.872"></status>
</kw>
<kw name="Get Random Integer" library="HelperLibrary">
<arguments>
<arg>1</arg>
<arg>10</arg>
</arguments>
<assign>
<var>${random_wait_time}</var>
</assign>
<msg timestamp="20200906 14:55:10.872" level="INFO">${random_wait_time} = 2</msg>
<status status="PASS" starttime="20200906 14:55:10.872" endtime="20200906 14:55:10.873"></status>
</kw>
<kw name="Sleep" library="BuiltIn">
<doc>Pauses the test executed for the given time.</doc>
<arguments>
<arg>${random_wait_time}</arg>
<arg>Simulating a random wait time</arg>
</arguments>
<msg timestamp="20200906 14:55:12.873" level="INFO">Slept 2 seconds</msg>
<msg timestamp="20200906 14:55:12.873" level="INFO">Simulating a random wait time</msg>
<status status="PASS" starttime="20200906 14:55:10.873" endtime="20200906 14:55:12.873"></status>
</kw>
<kw name="Click Element" library="AppiumLibrary">
<doc>Click element identified by `locator`.</doc>
<arguments>
<arg>${STOP_SEARCHING_BUTTON}</arg>
</arguments>
<msg timestamp="20200906 14:55:12.877" level="INFO">Clicking element '//android.widget.TextView[contains(@text, 'Stop searching')]'.</msg>
<status status="PASS" starttime="20200906 14:55:12.874" endtime="20200906 14:55:13.711"></status>
</kw>
<kw name="Page Should Not Contain Element" library="AppiumLibrary">
<doc>Verifies that current page not contains `locator` element.</doc>
<arguments>
<arg>${SEARCHING_SPINNER}</arg>
</arguments>
<msg timestamp="20200906 14:55:14.010" level="INFO">Current page not contains element '//android.widget.ProgressBar'.</msg>
<status status="PASS" starttime="20200906 14:55:13.712" endtime="20200906 14:55:14.010"></status>
</kw>
<kw name="Page Should Not Contain Text" library="AppiumLibrary">
<doc>Verifies that current page not contains `text`.</doc>
<arguments>
<arg>${SEARCHING_TEXT}</arg>
</arguments>
<msg timestamp="20200906 14:55:14.739" level="INFO">Current page does not contains text 'Searching for a match...'.</msg>
<status status="PASS" starttime="20200906 14:55:14.010" endtime="20200906 14:55:14.740"></status>
</kw>
<kw name="Page Should Contain Element" library="AppiumLibrary">
<doc>Verifies that current page contains `locator` element.</doc>
<arguments>
<arg>${PLAY_VS_ANOTHER_PLAYER}</arg>
</arguments>
<msg timestamp="20200906 14:55:15.082" level="INFO">Current page contains element '//android.widget.TextView[contains(@text, 'Play against a Human player')]'.</msg>
<status status="PASS" starttime="20200906 14:55:14.740" endtime="20200906 14:55:15.082"></status>
</kw>
<kw name="Toggle WiFi" library="HelperLibrary">
<msg timestamp="20200906 14:55:15.486" level="INFO">Toggling WiFi Connection.</msg>
<status status="PASS" starttime="20200906 14:55:15.083" endtime="20200906 14:55:15.486"></status>
</kw>
<status status="PASS" starttime="20200906 14:55:07.982" endtime="20200906 14:55:15.486"></status>
</kw>
<kw name="Log Out" library="common" type="teardown">
<kw name="Click Element" library="AppiumLibrary">
<doc>Click element identified by `locator`.</doc>
<arguments>
<arg>${LOG_OUT_BUTTON}</arg>
</arguments>
<msg timestamp="20200906 14:55:15.493" level="INFO">Clicking element '//android.widget.TextView[contains(@text, 'Log Out')]'.</msg>
<status status="PASS" starttime="20200906 14:55:15.489" endtime="20200906 14:55:15.902"></status>
</kw>
<kw name="Wait Until Page Contains" library="AppiumLibrary">
<doc>Waits until `text` appears on current page.</doc>
<arguments>
<arg>${WELCOME_PAGE_TEXT}</arg>
</arguments>
<status status="PASS" starttime="20200906 14:55:15.902" endtime="20200906 14:55:16.903"></status>
</kw>
<status status="PASS" starttime="20200906 14:55:15.488" endtime="20200906 14:55:16.904"></status>
</kw>
<doc>TMT3-AC1
After logging in the App, is there a Play vs Another Player button visible in the main screen?
TMT3-AC2
Are there visual cues on the screen that the searching process is ongoing?
TMT3-AC3
Is it possible to stop the searching process at any time?</doc>
<tags>
<tag>main_menu</tag>
<tag>TMT-3</tag>
</tags>
<status status="PASS" starttime="20200906 14:55:01.926" endtime="20200906 14:55:16.906" critical="yes"></status>
</test>
<kw name="Close Application" library="AppiumLibrary" type="teardown">
<doc>Closes the current application and also close webdriver session.</doc>
<status status="PASS" starttime="20200906 14:55:16.911" endtime="20200906 14:55:17.767"></status>
</kw>
<doc>User Story: TMT-2
As a User,
I want to be able to make a choice in the Main Menu,
So that I can play a game against AI
User Story: TMT-3
As a User,
I want to be able to make a choice in the Main Menu,
So that I can begin to search for another player</doc>
<status status="PASS" starttime="20200906 14:54:45.873" endtime="20200906 14:55:17.767"></status>
</suite>
<statistics>
<total>
<stat pass="1" fail="0">Critical Tests</stat>
<stat pass="1" fail="0">All Tests</stat>
</total>
<tag>
<stat pass="1" fail="0">main_menu</stat>
<stat pass="1" fail="0">TMT-3</stat>
</tag>
<suite>
<stat pass="1" fail="0" id="s1" name="Main Menu">Main Menu</stat>
</suite>
</statistics>
<errors>
</errors>
</robot>
