<?xml version="1.0" encoding="UTF-8"?>
<robot generator="Robot 3.1.1 (Python 3.7.5 on win32)" generated="20200906 14:45:07.518" rpa="false">
<suite id="s1" name="Main Menu" source="C:\Users\tnica\Desktop\Thesis\mobile-testing\main_menu.robot">
<kw name="Start Application And Verify Welcome Page Is Displayed" library="common" type="setup">
<kw name="Get Desired Capabilities" library="HelperLibrary">
<assign>
<var>&amp;{desired_capabilities}</var>
</assign>
<msg timestamp="20200906 14:45:07.883" level="INFO">&amp;{desired_capabilities} = { deviceName=Galaxy A20 | platformName=android | platformVersion=9 | automationName=UIAutomator2 | appPackage=com.timedemo.mmproject | appActivity=host.exp.exponent.MainActivity }</msg>
<status status="PASS" starttime="20200906 14:45:07.882" endtime="20200906 14:45:07.884"></status>
</kw>
<kw name="Open Application" library="AppiumLibrary">
<doc>Opens a new application to given Appium server.
Capabilities of appium server, Android and iOS,
Please check https://github.com/appium/appium/blob/master/docs/en/writing-running-appium/server-args.md
| *Option*            | *Man.* | *Description*     |
| remote_url          | Yes    | Appium server url |
| alias               | no     | alias             |</doc>
<arguments>
<arg>${APPIUM_SERVER}</arg>
<arg>&amp;{desired_capabilities}</arg>
</arguments>
<status status="PASS" starttime="20200906 14:45:07.884" endtime="20200906 14:45:19.301"></status>
</kw>
<kw name="Wait Until Page Contains" library="AppiumLibrary">
<doc>Waits until `text` appears on current page.</doc>
<arguments>
<arg>${WELCOME_PAGE_TEXT}</arg>
</arguments>
<status status="PASS" starttime="20200906 14:45:19.301" endtime="20200906 14:45:23.383"></status>
</kw>
<status status="PASS" starttime="20200906 14:45:07.882" endtime="20200906 14:45:23.384"></status>
</kw>
<test id="s1-t1" name="Two Play Versus AI Buttons Should Be Visible In Main Menu">
<kw name="Login Using Correct Credentials" library="common" type="setup">
<kw name="Login Using Credentials" library="common">
<arguments>
<arg>${TEST_USER}</arg>
<arg>${TEST_PASSWORD}</arg>
</arguments>
<kw name="Input Text" library="AppiumLibrary">
<doc>Types the given `text` into text field identified by `locator`.</doc>
<arguments>
<arg>${USERNAME_INPUT}</arg>
<arg>${username}</arg>
</arguments>
<msg timestamp="20200906 14:45:23.390" level="INFO">Typing text 'testuser@test.com' into text field '//android.widget.EditText[@password = 'false']'</msg>
<status status="PASS" starttime="20200906 14:45:23.387" endtime="20200906 14:45:24.463"></status>
</kw>
<kw name="Input Text" library="AppiumLibrary">
<doc>Types the given `text` into text field identified by `locator`.</doc>
<arguments>
<arg>${PASSWORD_INPUT}</arg>
<arg>${password}</arg>
</arguments>
<msg timestamp="20200906 14:45:24.473" level="INFO">Typing text 'abcd_1234' into text field '//android.widget.EditText[@password = 'true']'</msg>
<status status="PASS" starttime="20200906 14:45:24.464" endtime="20200906 14:45:26.097"></status>
</kw>
<kw name="Click Element" library="AppiumLibrary">
<doc>Click element identified by `locator`.</doc>
<arguments>
<arg>${LOG_IN_BUTTON}</arg>
</arguments>
<msg timestamp="20200906 14:45:26.104" level="INFO">Clicking element '//android.widget.TextView[contains(@text, 'Log In')]'.</msg>
<status status="PASS" starttime="20200906 14:45:26.098" endtime="20200906 14:45:26.947"></status>
</kw>
<status status="PASS" starttime="20200906 14:45:23.387" endtime="20200906 14:45:26.947"></status>
</kw>
<kw name="Wait Until Page Contains" library="AppiumLibrary">
<doc>Waits until `text` appears on current page.</doc>
<arguments>
<arg>${MAIN_MENU_TEXT}</arg>
</arguments>
<status status="PASS" starttime="20200906 14:45:26.948" endtime="20200906 14:45:28.111"></status>
</kw>
<kw name="Wait Until Page Contains Element" library="AppiumLibrary">
<doc>Waits until element specified with `locator` appears on current page.</doc>
<arguments>
<arg>${LOG_OUT_BUTTON}</arg>
</arguments>
<status status="PASS" starttime="20200906 14:45:28.111" endtime="20200906 14:45:28.844"></status>
</kw>
<status status="PASS" starttime="20200906 14:45:23.386" endtime="20200906 14:45:28.844"></status>
</kw>
<kw name="Verify That Two Play Versus AI Buttons Are Visible In Main Menu" library="main_menu_resource">
<kw name="Page Should Contain Element" library="AppiumLibrary">
<doc>Verifies that current page contains `locator` element.</doc>
<arguments>
<arg>${PLAY_VS_AI_EASY_BUTTON}</arg>
</arguments>
<msg timestamp="20200906 14:45:29.674" level="INFO">Current page contains element '//android.widget.TextView[contains(@text, 'Play vs AI Easy')]'.</msg>
<status status="PASS" starttime="20200906 14:45:28.849" endtime="20200906 14:45:29.675"></status>
</kw>
<kw name="Page Should Contain Element" library="AppiumLibrary">
<doc>Verifies that current page contains `locator` element.</doc>
<arguments>
<arg>${PLAY_VS_AI_HARD_BUTTON}</arg>
</arguments>
<msg timestamp="20200906 14:45:30.018" level="INFO">Current page contains element '//android.widget.TextView[contains(@text, 'Play vs AI Hard')]'.</msg>
<status status="PASS" starttime="20200906 14:45:29.675" endtime="20200906 14:45:30.019"></status>
</kw>
<kw name="Capture Timestamped Screenshot With Test Name" library="HelperLibrary">
<msg timestamp="20200906 14:45:30.556" level="INFO">Writing C:\Users\tnica\Desktop\Thesis\mobile-testing\output\06-Sep-2020_14-45-30_Two_Play_Versus_AI_Buttons_Should_Be_Visible_In_Main_Menu.png as Objective Evicence.</msg>
<status status="PASS" starttime="20200906 14:45:30.019" endtime="20200906 14:45:30.556"></status>
</kw>
<status status="PASS" starttime="20200906 14:45:28.847" endtime="20200906 14:45:30.556"></status>
</kw>
<kw name="Log Out" library="common" type="teardown">
<kw name="Click Element" library="AppiumLibrary">
<doc>Click element identified by `locator`.</doc>
<arguments>
<arg>${LOG_OUT_BUTTON}</arg>
</arguments>
<msg timestamp="20200906 14:45:30.563" level="INFO">Clicking element '//android.widget.TextView[contains(@text, 'Log Out')]'.</msg>
<status status="PASS" starttime="20200906 14:45:30.558" endtime="20200906 14:45:30.993"></status>
</kw>
<kw name="Wait Until Page Contains" library="AppiumLibrary">
<doc>Waits until `text` appears on current page.</doc>
<arguments>
<arg>${WELCOME_PAGE_TEXT}</arg>
</arguments>
<status status="PASS" starttime="20200906 14:45:30.993" endtime="20200906 14:45:32.160"></status>
</kw>
<status status="PASS" starttime="20200906 14:45:30.557" endtime="20200906 14:45:32.160"></status>
</kw>
<doc>TMT2-AC1
After logging in the App, are there two separate Play vs AI buttons visible in the main screen,
one for each difficulty level?</doc>
<tags>
<tag>main_menu</tag>
<tag>TMT-2</tag>
</tags>
<status status="PASS" starttime="20200906 14:45:23.384" endtime="20200906 14:45:32.161" critical="yes"></status>
</test>
<test id="s1-t2" name="It Is Possible To Choose To Play A Game Versus AI In Easy Mode">
<kw name="Login Using Correct Credentials" library="common" type="setup">
<kw name="Login Using Credentials" library="common">
<arguments>
<arg>${TEST_USER}</arg>
<arg>${TEST_PASSWORD}</arg>
</arguments>
<kw name="Input Text" library="AppiumLibrary">
<doc>Types the given `text` into text field identified by `locator`.</doc>
<arguments>
<arg>${USERNAME_INPUT}</arg>
<arg>${username}</arg>
</arguments>
<msg timestamp="20200906 14:45:32.173" level="INFO">Typing text 'testuser@test.com' into text field '//android.widget.EditText[@password = 'false']'</msg>
<status status="PASS" starttime="20200906 14:45:32.171" endtime="20200906 14:45:33.168"></status>
</kw>
<kw name="Input Text" library="AppiumLibrary">
<doc>Types the given `text` into text field identified by `locator`.</doc>
<arguments>
<arg>${PASSWORD_INPUT}</arg>
<arg>${password}</arg>
</arguments>
<msg timestamp="20200906 14:45:33.170" level="INFO">Typing text 'abcd_1234' into text field '//android.widget.EditText[@password = 'true']'</msg>
<status status="PASS" starttime="20200906 14:45:33.168" endtime="20200906 14:45:34.566"></status>
</kw>
<kw name="Click Element" library="AppiumLibrary">
<doc>Click element identified by `locator`.</doc>
<arguments>
<arg>${LOG_IN_BUTTON}</arg>
</arguments>
<msg timestamp="20200906 14:45:34.575" level="INFO">Clicking element '//android.widget.TextView[contains(@text, 'Log In')]'.</msg>
<status status="PASS" starttime="20200906 14:45:34.567" endtime="20200906 14:45:35.553"></status>
</kw>
<status status="PASS" starttime="20200906 14:45:32.170" endtime="20200906 14:45:35.553"></status>
</kw>
<kw name="Wait Until Page Contains" library="AppiumLibrary">
<doc>Waits until `text` appears on current page.</doc>
<arguments>
<arg>${MAIN_MENU_TEXT}</arg>
</arguments>
<status status="PASS" starttime="20200906 14:45:35.554" endtime="20200906 14:45:37.210"></status>
</kw>
<kw name="Wait Until Page Contains Element" library="AppiumLibrary">
<doc>Waits until element specified with `locator` appears on current page.</doc>
<arguments>
<arg>${LOG_OUT_BUTTON}</arg>
</arguments>
<status status="PASS" starttime="20200906 14:45:37.210" endtime="20200906 14:45:37.573"></status>
</kw>
<status status="PASS" starttime="20200906 14:45:32.169" endtime="20200906 14:45:37.574"></status>
</kw>
<kw name="Verify That Is Possible To Choose To Play A Game Versus AI In Easy Mode" library="main_menu_resource">
<kw name="Click Element" library="AppiumLibrary">
<doc>Click element identified by `locator`.</doc>
<arguments>
<arg>${PLAY_VS_AI_EASY_BUTTON}</arg>
</arguments>
<msg timestamp="20200906 14:45:37.580" level="INFO">Clicking element '//android.widget.TextView[contains(@text, 'Play vs AI Easy')]'.</msg>
<status status="PASS" starttime="20200906 14:45:37.576" endtime="20200906 14:45:38.088"></status>
</kw>
<kw name="Wait Until Page Contains" library="AppiumLibrary">
<doc>Waits until `text` appears on current page.</doc>
<arguments>
<arg>${GAME_SCREEN_TEXT}</arg>
</arguments>
<status status="PASS" starttime="20200906 14:45:38.088" endtime="20200906 14:45:39.804"></status>
</kw>
<kw name="Page Should Contain Text" library="AppiumLibrary">
<doc>Verifies that current page contains `text`.</doc>
<arguments>
<arg>${AI_EASY_NAME}</arg>
</arguments>
<msg timestamp="20200906 14:45:40.120" level="INFO">Current page contains text 'Hal'.</msg>
<status status="PASS" starttime="20200906 14:45:39.804" endtime="20200906 14:45:40.121"></status>
</kw>
<kw name="Capture Timestamped Screenshot With Test Name" library="HelperLibrary">
<msg timestamp="20200906 14:45:40.479" level="INFO">Writing C:\Users\tnica\Desktop\Thesis\mobile-testing\output\06-Sep-2020_14-45-40_It_Is_Possible_To_Choose_To_Play_A_Game_Versus_AI_In_Easy_Mode.png as Objective Evicence.</msg>
<status status="PASS" starttime="20200906 14:45:40.121" endtime="20200906 14:45:40.479"></status>
</kw>
<status status="PASS" starttime="20200906 14:45:37.575" endtime="20200906 14:45:40.479"></status>
</kw>
<kw name="Leave Game Arena And Log Out" library="main_menu_resource" type="teardown">
<kw name="Click Element" library="AppiumLibrary">
<doc>Click element identified by `locator`.</doc>
<arguments>
<arg>${LEAVE_GAME_BUTTON}</arg>
</arguments>
<msg timestamp="20200906 14:45:40.486" level="INFO">Clicking element '//android.widget.TextView[contains(@text, 'Leave Game')]'.</msg>
<status status="PASS" starttime="20200906 14:45:40.482" endtime="20200906 14:45:40.972"></status>
</kw>
<kw name="Wait Until Page Contains" library="AppiumLibrary">
<doc>Waits until `text` appears on current page.</doc>
<arguments>
<arg>${MAIN_MENU_TEXT}</arg>
</arguments>
<status status="PASS" starttime="20200906 14:45:40.973" endtime="20200906 14:45:42.199"></status>
</kw>
<kw name="Log Out" library="common">
<kw name="Click Element" library="AppiumLibrary">
<doc>Click element identified by `locator`.</doc>
<arguments>
<arg>${LOG_OUT_BUTTON}</arg>
</arguments>
<msg timestamp="20200906 14:45:42.205" level="INFO">Clicking element '//android.widget.TextView[contains(@text, 'Log Out')]'.</msg>
<status status="PASS" starttime="20200906 14:45:42.201" endtime="20200906 14:45:42.610"></status>
</kw>
<kw name="Wait Until Page Contains" library="AppiumLibrary">
<doc>Waits until `text` appears on current page.</doc>
<arguments>
<arg>${WELCOME_PAGE_TEXT}</arg>
</arguments>
<status status="PASS" starttime="20200906 14:45:42.610" endtime="20200906 14:45:43.692"></status>
</kw>
<status status="PASS" starttime="20200906 14:45:42.199" endtime="20200906 14:45:43.692"></status>
</kw>
<status status="PASS" starttime="20200906 14:45:40.481" endtime="20200906 14:45:43.692"></status>
</kw>
<doc>TMT2-AC2
After clicking each of the buttons, is the app correctly switching to the game screen,
for each separate difficulty level?</doc>
<tags>
<tag>main_menu</tag>
<tag>TMT-2</tag>
</tags>
<status status="PASS" starttime="20200906 14:45:32.165" endtime="20200906 14:45:43.693" critical="yes"></status>
</test>
<test id="s1-t3" name="It Is Possible To Choose To Play A Game Versus AI In Hard Mode">
<kw name="Login Using Correct Credentials" library="common" type="setup">
<kw name="Login Using Credentials" library="common">
<arguments>
<arg>${TEST_USER}</arg>
<arg>${TEST_PASSWORD}</arg>
</arguments>
<kw name="Input Text" library="AppiumLibrary">
<doc>Types the given `text` into text field identified by `locator`.</doc>
<arguments>
<arg>${USERNAME_INPUT}</arg>
<arg>${username}</arg>
</arguments>
<msg timestamp="20200906 14:45:43.705" level="INFO">Typing text 'testuser@test.com' into text field '//android.widget.EditText[@password = 'false']'</msg>
<status status="PASS" starttime="20200906 14:45:43.701" endtime="20200906 14:45:44.680"></status>
</kw>
<kw name="Input Text" library="AppiumLibrary">
<doc>Types the given `text` into text field identified by `locator`.</doc>
<arguments>
<arg>${PASSWORD_INPUT}</arg>
<arg>${password}</arg>
</arguments>
<msg timestamp="20200906 14:45:44.686" level="INFO">Typing text 'abcd_1234' into text field '//android.widget.EditText[@password = 'true']'</msg>
<status status="PASS" starttime="20200906 14:45:44.681" endtime="20200906 14:45:46.164"></status>
</kw>
<kw name="Click Element" library="AppiumLibrary">
<doc>Click element identified by `locator`.</doc>
<arguments>
<arg>${LOG_IN_BUTTON}</arg>
</arguments>
<msg timestamp="20200906 14:45:46.169" level="INFO">Clicking element '//android.widget.TextView[contains(@text, 'Log In')]'.</msg>
<status status="PASS" starttime="20200906 14:45:46.165" endtime="20200906 14:45:47.004"></status>
</kw>
<status status="PASS" starttime="20200906 14:45:43.700" endtime="20200906 14:45:47.005"></status>
</kw>
<kw name="Wait Until Page Contains" library="AppiumLibrary">
<doc>Waits until `text` appears on current page.</doc>
<arguments>
<arg>${MAIN_MENU_TEXT}</arg>
</arguments>
<status status="PASS" starttime="20200906 14:45:47.005" endtime="20200906 14:45:48.574"></status>
</kw>
<kw name="Wait Until Page Contains Element" library="AppiumLibrary">
<doc>Waits until element specified with `locator` appears on current page.</doc>
<arguments>
<arg>${LOG_OUT_BUTTON}</arg>
</arguments>
<status status="PASS" starttime="20200906 14:45:48.575" endtime="20200906 14:45:48.919"></status>
</kw>
<status status="PASS" starttime="20200906 14:45:43.699" endtime="20200906 14:45:48.920"></status>
</kw>
<kw name="Verify That Is Possible To Choose To Play A Game Versus AI In Hard Mode" library="main_menu_resource">
<kw name="Click Element" library="AppiumLibrary">
<doc>Click element identified by `locator`.</doc>
<arguments>
<arg>${PLAY_VS_AI_HARD_BUTTON}</arg>
</arguments>
<msg timestamp="20200906 14:45:48.932" level="INFO">Clicking element '//android.widget.TextView[contains(@text, 'Play vs AI Hard')]'.</msg>
<status status="PASS" starttime="20200906 14:45:48.923" endtime="20200906 14:45:49.457"></status>
</kw>
<kw name="Wait Until Page Contains" library="AppiumLibrary">
<doc>Waits until `text` appears on current page.</doc>
<arguments>
<arg>${GAME_SCREEN_TEXT}</arg>
</arguments>
<status status="PASS" starttime="20200906 14:45:49.458" endtime="20200906 14:45:51.057"></status>
</kw>
<kw name="Page Should Contain Text" library="AppiumLibrary">
<doc>Verifies that current page contains `text`.</doc>
<arguments>
<arg>${AI_HARD_NAME}</arg>
</arguments>
<msg timestamp="20200906 14:45:51.513" level="INFO">Current page contains text 'Nightflyer'.</msg>
<status status="PASS" starttime="20200906 14:45:51.058" endtime="20200906 14:45:51.513"></status>
</kw>
<kw name="Capture Timestamped Screenshot With Test Name" library="HelperLibrary">
<msg timestamp="20200906 14:45:51.891" level="INFO">Writing C:\Users\tnica\Desktop\Thesis\mobile-testing\output\06-Sep-2020_14-45-51_It_Is_Possible_To_Choose_To_Play_A_Game_Versus_AI_In_Hard_Mode.png as Objective Evicence.</msg>
<status status="PASS" starttime="20200906 14:45:51.513" endtime="20200906 14:45:51.892"></status>
</kw>
<status status="PASS" starttime="20200906 14:45:48.922" endtime="20200906 14:45:51.892"></status>
</kw>
<kw name="Leave Game Arena And Log Out" library="main_menu_resource" type="teardown">
<kw name="Click Element" library="AppiumLibrary">
<doc>Click element identified by `locator`.</doc>
<arguments>
<arg>${LEAVE_GAME_BUTTON}</arg>
</arguments>
<msg timestamp="20200906 14:45:51.898" level="INFO">Clicking element '//android.widget.TextView[contains(@text, 'Leave Game')]'.</msg>
<status status="PASS" starttime="20200906 14:45:51.894" endtime="20200906 14:45:52.435"></status>
</kw>
<kw name="Wait Until Page Contains" library="AppiumLibrary">
<doc>Waits until `text` appears on current page.</doc>
<arguments>
<arg>${MAIN_MENU_TEXT}</arg>
</arguments>
<status status="PASS" starttime="20200906 14:45:52.435" endtime="20200906 14:45:53.718"></status>
</kw>
<kw name="Log Out" library="common">
<kw name="Click Element" library="AppiumLibrary">
<doc>Click element identified by `locator`.</doc>
<arguments>
<arg>${LOG_OUT_BUTTON}</arg>
</arguments>
<msg timestamp="20200906 14:45:53.724" level="INFO">Clicking element '//android.widget.TextView[contains(@text, 'Log Out')]'.</msg>
<status status="PASS" starttime="20200906 14:45:53.720" endtime="20200906 14:45:54.220"></status>
</kw>
<kw name="Wait Until Page Contains" library="AppiumLibrary">
<doc>Waits until `text` appears on current page.</doc>
<arguments>
<arg>${WELCOME_PAGE_TEXT}</arg>
</arguments>
<status status="PASS" starttime="20200906 14:45:54.221" endtime="20200906 14:45:55.344"></status>
</kw>
<status status="PASS" starttime="20200906 14:45:53.719" endtime="20200906 14:45:55.344"></status>
</kw>
<status status="PASS" starttime="20200906 14:45:51.893" endtime="20200906 14:45:55.345"></status>
</kw>
<doc>TMT2-AC2
After clicking each of the buttons, is the app correctly switching to the game screen,
for each separate difficulty level?</doc>
<tags>
<tag>main_menu</tag>
<tag>TMT-2</tag>
</tags>
<status status="PASS" starttime="20200906 14:45:43.697" endtime="20200906 14:45:55.346" critical="yes"></status>
</test>
<kw name="Close Application" library="AppiumLibrary" type="teardown">
<doc>Closes the current application and also close webdriver session.</doc>
<status status="PASS" starttime="20200906 14:45:55.350" endtime="20200906 14:45:56.004"></status>
</kw>
<doc>User Story: TMT-2
As a User,
I want to be able to make a choice in the Main Menu,
So that I can play a game against AI
User Story: TMT-3
As a User,
I want to be able to make a choice in the Main Menu,
So that I can begin to search for another player</doc>
<status status="PASS" starttime="20200906 14:45:07.520" endtime="20200906 14:45:56.004"></status>
</suite>
<statistics>
<total>
<stat pass="3" fail="0">Critical Tests</stat>
<stat pass="3" fail="0">All Tests</stat>
</total>
<tag>
<stat pass="3" fail="0">main_menu</stat>
<stat pass="3" fail="0">TMT-2</stat>
</tag>
<suite>
<stat pass="3" fail="0" id="s1" name="Main Menu">Main Menu</stat>
</suite>
</statistics>
<errors>
</errors>
</robot>
